  Building Custom Rule C:/Proyects/GarinEngine/Compiler-Lib/CMakeLists.txt
  AudioManager.cpp
C:\Program Files (x86)\Windows Kits\10\Include\10.0.22621.0\shared\minwindef.h(130,1): warning C4005: 'APIENTRY': redefinición de macro
  (compilando archivo de origen "../garin-audio/src/AudioManager.cpp")
  C:\Proyects\GarinEngine\garin-graphics\includes\glad\glad.h(32,1):
  vea la definición anterior de 'APIENTRY'
  
C:\Proyects\GarinEngine\garin-core\includes\TerrainGenerator.h(45,53): warning C4244: 'return': conversión de 'double' a 'float'; posible pérdida de datos
  (compilando archivo de origen "../garin-audio/src/AudioManager.cpp")
  
  AppSettings.cpp
  ComponentFactory.cpp
C:\Proyects\GarinEngine\garin-core\includes\TerrainGenerator.h(45,53): warning C4244: 'return': conversión de 'double' a 'float'; posible pérdida de datos
  (compilando archivo de origen "../garin-core/src/ComponentFactory.cpp")
  
  DebugGame.cpp
C:\Program Files (x86)\Windows Kits\10\Include\10.0.22621.0\shared\minwindef.h(130,1): warning C4005: 'APIENTRY': redefinición de macro
  (compilando archivo de origen "../garin-core/src/DebugGame.cpp")
  C:\Proyects\GarinEngine\garin-graphics\includes\glad\glad.h(32,1):
  vea la definición anterior de 'APIENTRY'
  
C:\Proyects\GarinEngine\garin-core\includes\TerrainGenerator.h(45,53): warning C4244: 'return': conversión de 'double' a 'float'; posible pérdida de datos
  (compilando archivo de origen "../garin-core/src/DebugGame.cpp")
  
  DynamicLibLoader.cpp
  FileManager.cpp
  GAudio.cpp
C:\Proyects\GarinEngine\garin-core\includes\TerrainGenerator.h(45,53): warning C4244: 'return': conversión de 'double' a 'float'; posible pérdida de datos
  (compilando archivo de origen "../garin-core/src/GAudio.cpp")
  
  GBody.cpp
C:\Proyects\GarinEngine\garin-core\includes\TerrainGenerator.h(45,53): warning C4244: 'return': conversión de 'double' a 'float'; posible pérdida de datos
  (compilando archivo de origen "../garin-core/src/GBody.cpp")
  
  GCaster.cpp
C:\Proyects\GarinEngine\garin-core\includes\TerrainGenerator.h(45,53): warning C4244: 'return': conversión de 'double' a 'float'; posible pérdida de datos
  (compilando archivo de origen "../garin-core/src/GCaster.cpp")
  
  GCharacter.cpp
C:\Proyects\GarinEngine\garin-core\includes\TerrainGenerator.h(45,53): warning C4244: 'return': conversión de 'double' a 'float'; posible pérdida de datos
  (compilando archivo de origen "../garin-core/src/GCharacter.cpp")
  
  GCollision.cpp
C:\Proyects\GarinEngine\garin-core\includes\TerrainGenerator.h(45,53): warning C4244: 'return': conversión de 'double' a 'float'; posible pérdida de datos
  (compilando archivo de origen "../garin-core/src/GCollision.cpp")
  
  GMaterial.cpp
C:\Proyects\GarinEngine\garin-core\includes\TerrainGenerator.h(45,53): warning C4244: 'return': conversión de 'double' a 'float'; posible pérdida de datos
  (compilando archivo de origen "../garin-core/src/GMaterial.cpp")
  
  GScript.cpp
C:\Proyects\GarinEngine\garin-core\includes\TerrainGenerator.h(45,53): warning C4244: 'return': conversión de 'double' a 'float'; posible pérdida de datos
  (compilando archivo de origen "../garin-core/src/GScript.cpp")
  
  GameBehaviour.cpp
C:\Proyects\GarinEngine\garin-core\includes\TerrainGenerator.h(45,53): warning C4244: 'return': conversión de 'double' a 'float'; posible pérdida de datos
  (compilando archivo de origen "../garin-core/src/GameBehaviour.cpp")
  
  InputSystem.cpp
C:\Program Files (x86)\Windows Kits\10\Include\10.0.22621.0\shared\minwindef.h(130,1): warning C4005: 'APIENTRY': redefinición de macro
  (compilando archivo de origen "../garin-core/src/InputSystem.cpp")
  C:\Proyects\GarinEngine\garin-graphics\includes\glad\glad.h(32,1):
  vea la definición anterior de 'APIENTRY'
  
C:\Proyects\GarinEngine\garin-core\includes\TerrainGenerator.h(45,53): warning C4244: 'return': conversión de 'double' a 'float'; posible pérdida de datos
  (compilando archivo de origen "../garin-core/src/InputSystem.cpp")
  
C:\Proyects\GarinEngine\garin-core\src\InputSystem.cpp(44,12): warning C4244: 'return': conversión de 'double' a 'float'; posible pérdida de datos
C:\Proyects\GarinEngine\garin-core\src\InputSystem.cpp(57,12): warning C4244: 'return': conversión de 'double' a 'float'; posible pérdida de datos
  LightComponent.cpp
C:\Proyects\GarinEngine\garin-core\includes\TerrainGenerator.h(45,53): warning C4244: 'return': conversión de 'double' a 'float'; posible pérdida de datos
  (compilando archivo de origen "../garin-core/src/LightComponent.cpp")
  
  Lights.cpp
  Loader.cpp
  ModelComponent.cpp
C:\Proyects\GarinEngine\garin-core\includes\TerrainGenerator.h(45,53): warning C4244: 'return': conversión de 'double' a 'float'; posible pérdida de datos
  (compilando archivo de origen "../garin-core/src/ModelComponent.cpp")
  
  TerrainGenerator.cpp
C:\Program Files (x86)\Windows Kits\10\Include\10.0.22621.0\shared\minwindef.h(130,1): warning C4005: 'APIENTRY': redefinición de macro
  (compilando archivo de origen "../garin-core/src/TerrainGenerator.cpp")
  C:\Proyects\GarinEngine\garin-graphics\includes\glad\glad.h(32,1):
  vea la definición anterior de 'APIENTRY'
  
C:\Proyects\GarinEngine\garin-maths\includes\glm\ext\quaternion_exponential.inl(63,50): warning C4003: no hay suficientes argumentos para la invocación de macro "min" de tipo función
  (compilando archivo de origen "../garin-core/src/TerrainGenerator.cpp")
  
C:\Proyects\GarinEngine\garin-maths\includes\glm\gtx\component_wise.inl(17,73): warning C4003: no hay suficientes argumentos para la invocación de macro "min" de tipo función
  (compilando archivo de origen "../garin-core/src/TerrainGenerator.cpp")
  
C:\Proyects\GarinEngine\garin-maths\includes\glm\gtx\component_wise.inl(18,73): warning C4003: no hay suficientes argumentos para la invocación de macro "max" de tipo función
  (compilando archivo de origen "../garin-core/src/TerrainGenerator.cpp")
  
C:\Proyects\GarinEngine\garin-maths\includes\glm\gtx\component_wise.inl(28,84): warning C4003: no hay suficientes argumentos para la invocación de macro "max" de tipo función
  (compilando archivo de origen "../garin-core/src/TerrainGenerator.cpp")
  
C:\Proyects\GarinEngine\garin-maths\includes\glm\gtx\component_wise.inl(50,73): warning C4003: no hay suficientes argumentos para la invocación de macro "max" de tipo función
  (compilando archivo de origen "../garin-core/src/TerrainGenerator.cpp")
  
C:\Proyects\GarinEngine\garin-maths\includes\glm\gtx\component_wise.inl(62,97): warning C4003: no hay suficientes argumentos para la invocación de macro "max" de tipo función
  (compilando archivo de origen "../garin-core/src/TerrainGenerator.cpp")
  
C:\Proyects\GarinEngine\garin-core\includes\TerrainGenerator.h(45,53): warning C4244: 'return': conversión de 'double' a 'float'; posible pérdida de datos
  (compilando archivo de origen "../garin-core/src/TerrainGenerator.cpp")
  
C:\Proyects\GarinEngine\garin-core\src\TerrainGenerator.cpp(41,46): warning C4267: 'argumento': conversión de 'size_t' a 'GLsizei'; posible pérdida de datos
  Generando código...
C:\Proyects\GarinEngine\garin-core\src\GAudio.cpp(80,1): warning C4172: devolución de dirección de la variable local o temporal: g
C:\Proyects\GarinEngine\garin-core\src\GAudio.cpp(87,1): warning C4172: devolución de dirección de la variable local o temporal: ispl
  Compilando...
  ExampleClass.cpp
C:\Proyects\GarinEngine\garin-core\includes\TerrainGenerator.h(45,53): warning C4244: 'return': conversión de 'double' a 'float'; posible pérdida de datos
  (compilando archivo de origen "../garin-dll/projects/test/clscpp/ExampleClass.cpp")
  
  ExampleGame.cpp
C:\Proyects\GarinEngine\garin-core\includes\TerrainGenerator.h(45,53): warning C4244: 'return': conversión de 'double' a 'float'; posible pérdida de datos
  (compilando archivo de origen "../garin-dll/projects/test/clscpp/ExampleGame.cpp")
  
  AComponent.cpp
C:\Proyects\GarinEngine\garin-core\includes\TerrainGenerator.h(45,53): warning C4244: 'return': conversión de 'double' a 'float'; posible pérdida de datos
  (compilando archivo de origen "../garin-engine/src/AComponent.cpp")
  
C:\Proyects\GarinEngine\garin-engine\includes\EditorGUI.h(41,9): warning C4996: 'strncpy': This function or variable may be unsafe. Consider using strncpy_s instead. To disable deprecation, use _CRT_SECURE_NO_WARNINGS. See online help for details.
  (compilando archivo de origen "../garin-engine/src/AComponent.cpp")
  
C:\Proyects\GarinEngine\garin-engine\includes\EditorGUI.h(116,16): warning C4244: 'return': conversión de 'int' a 'float'; posible pérdida de datos
  (compilando archivo de origen "../garin-engine/src/AComponent.cpp")
  
  AssetsUI.cpp
C:\Proyects\GarinEngine\garin-core\includes\TerrainGenerator.h(45,53): warning C4244: 'return': conversión de 'double' a 'float'; posible pérdida de datos
  (compilando archivo de origen "../garin-engine/src/AssetsUI.cpp")
  
C:\Proyects\GarinEngine\garin-engine\includes\EditorGUI.h(41,9): warning C4996: 'strncpy': This function or variable may be unsafe. Consider using strncpy_s instead. To disable deprecation, use _CRT_SECURE_NO_WARNINGS. See online help for details.
  (compilando archivo de origen "../garin-engine/src/AssetsUI.cpp")
  
C:\Proyects\GarinEngine\garin-engine\includes\EditorGUI.h(116,16): warning C4244: 'return': conversión de 'int' a 'float'; posible pérdida de datos
  (compilando archivo de origen "../garin-engine/src/AssetsUI.cpp")
  
  CCharacter.cpp
C:\Proyects\GarinEngine\garin-core\includes\TerrainGenerator.h(45,53): warning C4244: 'return': conversión de 'double' a 'float'; posible pérdida de datos
  (compilando archivo de origen "../garin-engine/src/CCharacter.cpp")
  
C:\Proyects\GarinEngine\garin-engine\includes\EditorGUI.h(41,9): warning C4996: 'strncpy': This function or variable may be unsafe. Consider using strncpy_s instead. To disable deprecation, use _CRT_SECURE_NO_WARNINGS. See online help for details.
  (compilando archivo de origen "../garin-engine/src/CCharacter.cpp")
  
C:\Proyects\GarinEngine\garin-engine\includes\EditorGUI.h(116,16): warning C4244: 'return': conversión de 'int' a 'float'; posible pérdida de datos
  (compilando archivo de origen "../garin-engine/src/CCharacter.cpp")
  
  CCollider.cpp
C:\Proyects\GarinEngine\garin-core\includes\TerrainGenerator.h(45,53): warning C4244: 'return': conversión de 'double' a 'float'; posible pérdida de datos
  (compilando archivo de origen "../garin-engine/src/CCollider.cpp")
  
C:\Proyects\GarinEngine\garin-engine\includes\EditorGUI.h(41,9): warning C4996: 'strncpy': This function or variable may be unsafe. Consider using strncpy_s instead. To disable deprecation, use _CRT_SECURE_NO_WARNINGS. See online help for details.
  (compilando archivo de origen "../garin-engine/src/CCollider.cpp")
  
C:\Proyects\GarinEngine\garin-engine\includes\EditorGUI.h(116,16): warning C4244: 'return': conversión de 'int' a 'float'; posible pérdida de datos
  (compilando archivo de origen "../garin-engine/src/CCollider.cpp")
  
  CGScript.cpp
C:\Proyects\GarinEngine\garin-core\includes\TerrainGenerator.h(45,53): warning C4244: 'return': conversión de 'double' a 'float'; posible pérdida de datos
  (compilando archivo de origen "../garin-engine/src/CGScript.cpp")
  
C:\Proyects\GarinEngine\garin-engine\includes\EditorGUI.h(41,9): warning C4996: 'strncpy': This function or variable may be unsafe. Consider using strncpy_s instead. To disable deprecation, use _CRT_SECURE_NO_WARNINGS. See online help for details.
  (compilando archivo de origen "../garin-engine/src/CGScript.cpp")
  
C:\Proyects\GarinEngine\garin-engine\includes\EditorGUI.h(116,16): warning C4244: 'return': conversión de 'int' a 'float'; posible pérdida de datos
  (compilando archivo de origen "../garin-engine/src/CGScript.cpp")
  
  CMaterial.cpp
C:\Proyects\GarinEngine\garin-core\includes\TerrainGenerator.h(45,53): warning C4244: 'return': conversión de 'double' a 'float'; posible pérdida de datos
  (compilando archivo de origen "../garin-engine/src/CMaterial.cpp")
  
C:\Proyects\GarinEngine\garin-engine\includes\EditorGUI.h(41,9): warning C4996: 'strncpy': This function or variable may be unsafe. Consider using strncpy_s instead. To disable deprecation, use _CRT_SECURE_NO_WARNINGS. See online help for details.
  (compilando archivo de origen "../garin-engine/src/CMaterial.cpp")
  
C:\Proyects\GarinEngine\garin-engine\includes\EditorGUI.h(116,16): warning C4244: 'return': conversión de 'int' a 'float'; posible pérdida de datos
  (compilando archivo de origen "../garin-engine/src/CMaterial.cpp")
  
  CModel.cpp
C:\Proyects\GarinEngine\garin-core\includes\TerrainGenerator.h(45,53): warning C4244: 'return': conversión de 'double' a 'float'; posible pérdida de datos
  (compilando archivo de origen "../garin-engine/src/CModel.cpp")
  
C:\Proyects\GarinEngine\garin-engine\includes\EditorGUI.h(41,9): warning C4996: 'strncpy': This function or variable may be unsafe. Consider using strncpy_s instead. To disable deprecation, use _CRT_SECURE_NO_WARNINGS. See online help for details.
  (compilando archivo de origen "../garin-engine/src/CModel.cpp")
  
C:\Proyects\GarinEngine\garin-engine\includes\EditorGUI.h(116,16): warning C4244: 'return': conversión de 'int' a 'float'; posible pérdida de datos
  (compilando archivo de origen "../garin-engine/src/CModel.cpp")
  
  CRigidbody.cpp
C:\Proyects\GarinEngine\garin-core\includes\TerrainGenerator.h(45,53): warning C4244: 'return': conversión de 'double' a 'float'; posible pérdida de datos
  (compilando archivo de origen "../garin-engine/src/CRigidbody.cpp")
  
C:\Proyects\GarinEngine\garin-engine\includes\EditorGUI.h(41,9): warning C4996: 'strncpy': This function or variable may be unsafe. Consider using strncpy_s instead. To disable deprecation, use _CRT_SECURE_NO_WARNINGS. See online help for details.
  (compilando archivo de origen "../garin-engine/src/CRigidbody.cpp")
  
C:\Proyects\GarinEngine\garin-engine\includes\EditorGUI.h(116,16): warning C4244: 'return': conversión de 'int' a 'float'; posible pérdida de datos
  (compilando archivo de origen "../garin-engine/src/CRigidbody.cpp")
  
  ComponentsDrawer.cpp
C:\Proyects\GarinEngine\garin-core\includes\TerrainGenerator.h(45,53): warning C4244: 'return': conversión de 'double' a 'float'; posible pérdida de datos
  (compilando archivo de origen "../garin-engine/src/ComponentsDrawer.cpp")
  
C:\Proyects\GarinEngine\garin-engine\includes\EditorGUI.h(41,9): warning C4996: 'strncpy': This function or variable may be unsafe. Consider using strncpy_s instead. To disable deprecation, use _CRT_SECURE_NO_WARNINGS. See online help for details.
  (compilando archivo de origen "../garin-engine/src/ComponentsDrawer.cpp")
  
C:\Proyects\GarinEngine\garin-engine\includes\EditorGUI.h(116,16): warning C4244: 'return': conversión de 'int' a 'float'; posible pérdida de datos
  (compilando archivo de origen "../garin-engine/src/ComponentsDrawer.cpp")
  
  EditorConfigs.cpp
C:\Proyects\GarinEngine\garin-core\includes\TerrainGenerator.h(45,53): warning C4244: 'return': conversión de 'double' a 'float'; posible pérdida de datos
  (compilando archivo de origen "../garin-engine/src/EditorConfigs.cpp")
  
  FileBrowser.cpp
  FilesUI.cpp
C:\Proyects\GarinEngine\garin-core\includes\TerrainGenerator.h(45,53): warning C4244: 'return': conversión de 'double' a 'float'; posible pérdida de datos
  (compilando archivo de origen "../garin-engine/src/FilesUI.cpp")
  
C:\Proyects\GarinEngine\garin-engine\includes\EditorGUI.h(41,9): warning C4996: 'strncpy': This function or variable may be unsafe. Consider using strncpy_s instead. To disable deprecation, use _CRT_SECURE_NO_WARNINGS. See online help for details.
  (compilando archivo de origen "../garin-engine/src/FilesUI.cpp")
  
C:\Proyects\GarinEngine\garin-engine\includes\EditorGUI.h(116,16): warning C4244: 'return': conversión de 'int' a 'float'; posible pérdida de datos
  (compilando archivo de origen "../garin-engine/src/FilesUI.cpp")
  
  GDGizmos.cpp
C:\Program Files (x86)\Windows Kits\10\Include\10.0.22621.0\shared\minwindef.h(130,1): warning C4005: 'APIENTRY': redefinición de macro
  (compilando archivo de origen "../garin-engine/src/GDGizmos.cpp")
  C:\Proyects\GarinEngine\garin-graphics\includes\glad\glad.h(32,1):
  vea la definición anterior de 'APIENTRY'
  
C:\Proyects\GarinEngine\garin-core\includes\TerrainGenerator.h(45,53): warning C4244: 'return': conversión de 'double' a 'float'; posible pérdida de datos
  (compilando archivo de origen "../garin-engine/src/GDGizmos.cpp")
  
C:\Proyects\GarinEngine\garin-engine\src\GDGizmos.cpp(240,50): warning C4267: 'argumento': conversión de 'size_t' a 'GLsizei'; posible pérdida de datos
C:\Proyects\GarinEngine\garin-engine\src\GDGizmos.cpp(377,42): warning C4267: 'argumento': conversión de 'size_t' a 'GLsizei'; posible pérdida de datos
  GameSettingsUI.cpp
C:\Proyects\GarinEngine\garin-core\includes\TerrainGenerator.h(45,53): warning C4244: 'return': conversión de 'double' a 'float'; posible pérdida de datos
  (compilando archivo de origen "../garin-engine/src/GameSettingsUI.cpp")
  
C:\Proyects\GarinEngine\garin-engine\includes\EditorGUI.h(41,9): warning C4996: 'strncpy': This function or variable may be unsafe. Consider using strncpy_s instead. To disable deprecation, use _CRT_SECURE_NO_WARNINGS. See online help for details.
  (compilando archivo de origen "../garin-engine/src/GameSettingsUI.cpp")
  
C:\Proyects\GarinEngine\garin-engine\includes\EditorGUI.h(116,16): warning C4244: 'return': conversión de 'int' a 'float'; posible pérdida de datos
  (compilando archivo de origen "../garin-engine/src/GameSettingsUI.cpp")
  
  HierarchyUI.cpp
C:\Proyects\GarinEngine\garin-core\includes\TerrainGenerator.h(45,53): warning C4244: 'return': conversión de 'double' a 'float'; posible pérdida de datos
  (compilando archivo de origen "../garin-engine/src/HierarchyUI.cpp")
  
C:\Proyects\GarinEngine\garin-engine\includes\EditorGUI.h(41,9): warning C4996: 'strncpy': This function or variable may be unsafe. Consider using strncpy_s instead. To disable deprecation, use _CRT_SECURE_NO_WARNINGS. See online help for details.
  (compilando archivo de origen "../garin-engine/src/HierarchyUI.cpp")
  
C:\Proyects\GarinEngine\garin-engine\includes\EditorGUI.h(116,16): warning C4244: 'return': conversión de 'int' a 'float'; posible pérdida de datos
  (compilando archivo de origen "../garin-engine/src/HierarchyUI.cpp")
  
  IconsManager.cpp
C:\Program Files (x86)\Windows Kits\10\Include\10.0.22621.0\shared\minwindef.h(130,1): warning C4005: 'APIENTRY': redefinición de macro
  (compilando archivo de origen "../garin-engine/src/IconsManager.cpp")
  C:\Proyects\GarinEngine\garin-graphics\includes\glad\glad.h(32,1):
  vea la definición anterior de 'APIENTRY'
  
C:\Proyects\GarinEngine\garin-core\includes\TerrainGenerator.h(45,53): warning C4244: 'return': conversión de 'double' a 'float'; posible pérdida de datos
  (compilando archivo de origen "../garin-engine/src/IconsManager.cpp")
  
  InspectorUI.cpp
C:\Proyects\GarinEngine\garin-core\includes\TerrainGenerator.h(45,53): warning C4244: 'return': conversión de 'double' a 'float'; posible pérdida de datos
  (compilando archivo de origen "../garin-engine/src/InspectorUI.cpp")
  
C:\Proyects\GarinEngine\garin-engine\includes\EditorGUI.h(41,9): warning C4996: 'strncpy': This function or variable may be unsafe. Consider using strncpy_s instead. To disable deprecation, use _CRT_SECURE_NO_WARNINGS. See online help for details.
  (compilando archivo de origen "../garin-engine/src/InspectorUI.cpp")
  
C:\Proyects\GarinEngine\garin-engine\includes\EditorGUI.h(116,16): warning C4244: 'return': conversión de 'int' a 'float'; posible pérdida de datos
  (compilando archivo de origen "../garin-engine/src/InspectorUI.cpp")
  
  MainBarUI.cpp
C:\Proyects\GarinEngine\garin-core\includes\TerrainGenerator.h(45,53): warning C4244: 'return': conversión de 'double' a 'float'; posible pérdida de datos
  (compilando archivo de origen "../garin-engine/src/MainBarUI.cpp")
  
C:\Proyects\GarinEngine\garin-engine\includes\EditorGUI.h(41,9): warning C4996: 'strncpy': This function or variable may be unsafe. Consider using strncpy_s instead. To disable deprecation, use _CRT_SECURE_NO_WARNINGS. See online help for details.
  (compilando archivo de origen "../garin-engine/src/MainBarUI.cpp")
  
C:\Proyects\GarinEngine\garin-engine\includes\EditorGUI.h(116,16): warning C4244: 'return': conversión de 'int' a 'float'; posible pérdida de datos
  (compilando archivo de origen "../garin-engine/src/MainBarUI.cpp")
  
  Generando código...
  Compilando...
  MenuUI.cpp
C:\Proyects\GarinEngine\garin-core\includes\TerrainGenerator.h(45,53): warning C4244: 'return': conversión de 'double' a 'float'; posible pérdida de datos
  (compilando archivo de origen "../garin-engine/src/MenuUI.cpp")
  
C:\Proyects\GarinEngine\garin-engine\includes\EditorGUI.h(41,9): warning C4996: 'strncpy': This function or variable may be unsafe. Consider using strncpy_s instead. To disable deprecation, use _CRT_SECURE_NO_WARNINGS. See online help for details.
  (compilando archivo de origen "../garin-engine/src/MenuUI.cpp")
  
C:\Proyects\GarinEngine\garin-engine\includes\EditorGUI.h(116,16): warning C4244: 'return': conversión de 'int' a 'float'; posible pérdida de datos
  (compilando archivo de origen "../garin-engine/src/MenuUI.cpp")
  
  Node.cpp
  SceneFile.cpp
  SceneUI.cpp
C:\Proyects\GarinEngine\garin-core\includes\TerrainGenerator.h(45,53): warning C4244: 'return': conversión de 'double' a 'float'; posible pérdida de datos
  (compilando archivo de origen "../garin-engine/src/SceneUI.cpp")
  
C:\Proyects\GarinEngine\garin-engine\includes\EditorGUI.h(41,9): warning C4996: 'strncpy': This function or variable may be unsafe. Consider using strncpy_s instead. To disable deprecation, use _CRT_SECURE_NO_WARNINGS. See online help for details.
  (compilando archivo de origen "../garin-engine/src/SceneUI.cpp")
  
C:\Proyects\GarinEngine\garin-engine\includes\EditorGUI.h(116,16): warning C4244: 'return': conversión de 'int' a 'float'; posible pérdida de datos
  (compilando archivo de origen "../garin-engine/src/SceneUI.cpp")
  
C:\Proyects\GarinEngine\garin-engine\src\SceneUI.cpp(19,40): warning C4244: '=': conversión de 'float' a 'int'; posible pérdida de datos
C:\Proyects\GarinEngine\garin-engine\src\SceneUI.cpp(20,41): warning C4244: '=': conversión de 'float' a 'int'; posible pérdida de datos
C:\Proyects\GarinEngine\garin-engine\src\SceneUI.cpp(22,96): warning C4244: 'argumento': conversión de 'int' a 'float'; posible pérdida de datos
C:\Proyects\GarinEngine\garin-engine\src\SceneUI.cpp(22,72): warning C4244: 'argumento': conversión de 'int' a 'float'; posible pérdida de datos
C:\Proyects\GarinEngine\garin-engine\src\SceneUI.cpp(36,71): warning C4244: 'argumento': conversión de 'int' a 'float'; posible pérdida de datos
C:\Proyects\GarinEngine\garin-engine\src\SceneUI.cpp(36,47): warning C4244: 'argumento': conversión de 'int' a 'float'; posible pérdida de datos
  UIAdministrator.cpp
C:\Proyects\GarinEngine\garin-core\includes\TerrainGenerator.h(45,53): warning C4244: 'return': conversión de 'double' a 'float'; posible pérdida de datos
  (compilando archivo de origen "../garin-engine/src/UIAdministrator.cpp")
  
C:\Proyects\GarinEngine\garin-engine\includes\EditorGUI.h(41,9): warning C4996: 'strncpy': This function or variable may be unsafe. Consider using strncpy_s instead. To disable deprecation, use _CRT_SECURE_NO_WARNINGS. See online help for details.
  (compilando archivo de origen "../garin-engine/src/UIAdministrator.cpp")
  
C:\Proyects\GarinEngine\garin-engine\includes\EditorGUI.h(116,16): warning C4244: 'return': conversión de 'int' a 'float'; posible pérdida de datos
  (compilando archivo de origen "../garin-engine/src/UIAdministrator.cpp")
  
  gamescene.cpp
C:\Proyects\GarinEngine\garin-core\includes\TerrainGenerator.h(45,53): warning C4244: 'return': conversión de 'double' a 'float'; posible pérdida de datos
  (compilando archivo de origen "../garin-engine/src/gamescene.cpp")
  
C:\Proyects\GarinEngine\garin-engine\includes\EditorGUI.h(41,9): warning C4996: 'strncpy': This function or variable may be unsafe. Consider using strncpy_s instead. To disable deprecation, use _CRT_SECURE_NO_WARNINGS. See online help for details.
  (compilando archivo de origen "../garin-engine/src/gamescene.cpp")
  
C:\Proyects\GarinEngine\garin-engine\includes\EditorGUI.h(116,16): warning C4244: 'return': conversión de 'int' a 'float'; posible pérdida de datos
  (compilando archivo de origen "../garin-engine/src/gamescene.cpp")
  
  main.cpp
C:\Proyects\GarinEngine\garin-core\includes\TerrainGenerator.h(45,53): warning C4244: 'return': conversión de 'double' a 'float'; posible pérdida de datos
  (compilando archivo de origen "../garin-engine/src/main.cpp")
  
C:\Proyects\GarinEngine\garin-engine\includes\EditorGUI.h(41,9): warning C4996: 'strncpy': This function or variable may be unsafe. Consider using strncpy_s instead. To disable deprecation, use _CRT_SECURE_NO_WARNINGS. See online help for details.
  (compilando archivo de origen "../garin-engine/src/main.cpp")
  
C:\Proyects\GarinEngine\garin-engine\includes\EditorGUI.h(116,16): warning C4244: 'return': conversión de 'int' a 'float'; posible pérdida de datos
  (compilando archivo de origen "../garin-engine/src/main.cpp")
  
  Drawer.cpp
C:\Proyects\GarinEngine\garin-graphics\src\Drawer.cpp(87,25): warning C4244: 'inicializando': conversión de 'double' a 'float'; posible pérdida de datos
  Graphics.cpp
C:\Program Files (x86)\Windows Kits\10\Include\10.0.22621.0\shared\minwindef.h(130,1): warning C4005: 'APIENTRY': redefinición de macro
  (compilando archivo de origen "../garin-graphics/src/Graphics.cpp")
  C:\Proyects\GarinEngine\garin-graphics\includes\glad\glad.h(32,1):
  vea la definición anterior de 'APIENTRY'
  
C:\Proyects\GarinEngine\garin-core\includes\TerrainGenerator.h(45,53): warning C4244: 'return': conversión de 'double' a 'float'; posible pérdida de datos
  (compilando archivo de origen "../garin-graphics/src/Graphics.cpp")
  
C:\Proyects\GarinEngine\garin-graphics\src\Graphics.cpp(133,29): warning C4244: '=': conversión de 'double' a 'float'; posible pérdida de datos
  RenderGraphics.cpp
  TextureManager.cpp
  Timer.cpp
  camera.cpp
C:\Program Files (x86)\Windows Kits\10\Include\10.0.22621.0\shared\minwindef.h(130,1): warning C4005: 'APIENTRY': redefinición de macro
  (compilando archivo de origen "../garin-graphics/src/camera.cpp")
  C:\Proyects\GarinEngine\garin-graphics\includes\glad\glad.h(32,1):
  vea la definición anterior de 'APIENTRY'
  
C:\Proyects\GarinEngine\garin-core\includes\TerrainGenerator.h(45,53): warning C4244: 'return': conversión de 'double' a 'float'; posible pérdida de datos
  (compilando archivo de origen "../garin-graphics/src/camera.cpp")
  
C:\Proyects\GarinEngine\garin-graphics\src\camera.cpp(6,29): warning C4244: 'inicializando': conversión de 'double' a 'float'; posible pérdida de datos
C:\Proyects\GarinEngine\garin-graphics\src\camera.cpp(7,29): warning C4244: 'inicializando': conversión de 'double' a 'float'; posible pérdida de datos
C:\Proyects\GarinEngine\garin-graphics\src\camera.cpp(8,29): warning C4244: 'inicializando': conversión de 'double' a 'float'; posible pérdida de datos
  PhysicsEngine.cpp
C:\Program Files (x86)\Windows Kits\10\Include\10.0.22621.0\shared\minwindef.h(130,1): warning C4005: 'APIENTRY': redefinición de macro
  (compilando archivo de origen "../garin-physics/src/PhysicsEngine.cpp")
  C:\Proyects\GarinEngine\garin-graphics\includes\glad\glad.h(32,1):
  vea la definición anterior de 'APIENTRY'
  
C:\Proyects\GarinEngine\garin-core\includes\TerrainGenerator.h(45,53): warning C4244: 'return': conversión de 'double' a 'float'; posible pérdida de datos
  (compilando archivo de origen "../garin-physics/src/PhysicsEngine.cpp")
  
  scenes.cpp
C:\Proyects\GarinEngine\garin-core\includes\TerrainGenerator.h(45,53): warning C4244: 'return': conversión de 'double' a 'float'; posible pérdida de datos
  (compilando archivo de origen "../garin-scene/src/scenes.cpp")
  
  ImGuizmo.cpp
  crude_json.cpp
  imgui.cpp
  imgui_canvas.cpp
  imgui_demo.cpp
  Generando código...
  Compilando...
  imgui_draw.cpp
  imgui_impl_glfw.cpp
  imgui_impl_opengl3.cpp
  imgui_node_editor.cpp
  imgui_node_editor_api.cpp
  imgui_tables.cpp
  imgui_widgets.cpp
  GarinUI.cpp
C:\Program Files (x86)\Windows Kits\10\Include\10.0.22621.0\shared\minwindef.h(130,1): warning C4005: 'APIENTRY': redefinición de macro
  (compilando archivo de origen "../garin-ui/src/GarinUI.cpp")
  C:\Proyects\GarinEngine\garin-graphics\includes\glad\glad.h(32,1):
  vea la definición anterior de 'APIENTRY'
  
C:\Proyects\GarinEngine\garin-core\includes\TerrainGenerator.h(45,53): warning C4244: 'return': conversión de 'double' a 'float'; posible pérdida de datos
  (compilando archivo de origen "../garin-ui/src/GarinUI.cpp")
  
  vr.cpp
C:\Proyects\GarinEngine\garin-core\includes\TerrainGenerator.h(45,53): warning C4244: 'return': conversión de 'double' a 'float'; posible pérdida de datos
  (compilando archivo de origen "../garin-vr/src/vr.cpp")
  
  Generando código...
  glad.c
  GarinLibs.vcxproj -> C:\Proyects\GarinEngine\Compiler-Lib\GarinLibs\GarinLibs\lib\Debug\GarinLibs.lib
